<?xml version="1.0" encoding="UTF-8"?>
<!-- Generated by org.testng.reporters.JUnitReportReporter -->
<testsuite skipped="0" hostname="DESKTOP-LCI2JQ2" name="com.linkedin.page.linkedinlogin" tests="1" failures="0" timestamp="24 Jan 2018 11:58:32 GMT" time="57.189" errors="0">
  <testcase name="login" time="57.189" classname="com.linkedin.page.linkedinlogin"/>
</testsuite> <!-- com.linkedin.page.linkedinlogin -->
